<?xml version="1.0" encoding="UTF-8"?>
<!-- Generated by org.testng.reporters.JUnitXMLReporter -->
<testsuite ignored="1" hostname="DESKTOP-UU02OJS" failures="0" tests="1" name="Default test" time="24.496" errors="0" timestamp="2025-05-28T17:08:57 IST">
  <testcase classname="com.ohrm.testCasesPage.LoginPageTest" name="verify_InvalidLogin" time="4.644"/>
  <testcase classname="com.ohrm.testCasesPage.LoginPageTest" name="verify_validLogin" time="0.0">
    <ignored/>
  </testcase> <!-- verify_validLogin -->
</testsuite> <!-- Default test -->
