<?xml version="1.0" encoding="UTF-8"?>
<testng-results ignored="0" total="4" passed="3" failed="1" skipped="0">
  <reporter-output>
  </reporter-output>
  <suite started-at="2025-05-28T18:37:35 IST" name="OHRM2 Suite" finished-at="2025-05-28T18:40:35 IST" duration-ms="180817">
    <groups>
    </groups>
    <test started-at="2025-05-28T18:37:35 IST" name="OHRM2 Test1" finished-at="2025-05-28T18:40:35 IST" duration-ms="180817">
      <class name="com.ohrm.base.DummyClassTest">
        <test-method is-config="true" signature="setup()[pri:0, instance:com.ohrm.base.DummyClassTest@607fbe09]" started-at="2025-05-28T18:40:02 IST" name="setup" finished-at="2025-05-28T18:40:30 IST" duration-ms="28156" status="PASS">
          <reporter-output>
          </reporter-output>
        </test-method> <!-- setup -->
        <test-method signature="Dummytest()[pri:0, instance:com.ohrm.base.DummyClassTest@607fbe09]" started-at="2025-05-28T18:40:30 IST" name="Dummytest" finished-at="2025-05-28T18:40:31 IST" duration-ms="1082" status="PASS">
          <reporter-output>
          </reporter-output>
        </test-method> <!-- Dummytest -->
        <test-method is-config="true" signature="teardown()[pri:0, instance:com.ohrm.base.DummyClassTest@607fbe09]" started-at="2025-05-28T18:40:31 IST" name="teardown" finished-at="2025-05-28T18:40:35 IST" duration-ms="4009" status="PASS">
          <reporter-output>
          </reporter-output>
        </test-method> <!-- teardown -->
      </class> <!-- com.ohrm.base.DummyClassTest -->
      <class name="com.ohrm.testCasesPage.LoginPageTest">
        <test-method is-config="true" signature="loadConfig()[pri:0, instance:com.ohrm.testCasesPage.LoginPageTest@5a7005d]" started-at="2025-05-28T18:37:35 IST" name="loadConfig" finished-at="2025-05-28T18:37:35 IST" duration-ms="93" status="PASS">
          <reporter-output>
          </reporter-output>
        </test-method> <!-- loadConfig -->
        <test-method is-config="true" signature="setup()[pri:0, instance:com.ohrm.testCasesPage.LoginPageTest@5a7005d]" started-at="2025-05-28T18:37:35 IST" name="setup" finished-at="2025-05-28T18:38:52 IST" duration-ms="77307" status="PASS">
          <reporter-output>
          </reporter-output>
        </test-method> <!-- setup -->
        <test-method is-config="true" signature="setup()[pri:0, instance:com.ohrm.testCasesPage.LoginPageTest@5a7005d]" started-at="2025-05-28T18:37:35 IST" name="setup" finished-at="2025-05-28T18:39:36 IST" duration-ms="121284" status="PASS">
          <reporter-output>
          </reporter-output>
        </test-method> <!-- setup -->
        <test-method is-config="true" signature="setupPages()[pri:0, instance:com.ohrm.testCasesPage.LoginPageTest@5a7005d]" started-at="2025-05-28T18:38:52 IST" name="setupPages" finished-at="2025-05-28T18:38:53 IST" duration-ms="869" status="PASS">
          <reporter-output>
          </reporter-output>
        </test-method> <!-- setupPages -->
        <test-method signature="verify_validLogin()[pri:0, instance:com.ohrm.testCasesPage.LoginPageTest@5a7005d]" started-at="2025-05-28T18:38:53 IST" name="verify_validLogin" finished-at="2025-05-28T18:39:59 IST" duration-ms="66227" status="FAIL">
          <exception class="java.lang.AssertionError">
            <message>
              <![CDATA[Admin tab should be visible after successful login expected [true] but found [false]]]>
            </message>
            <full-stacktrace>
              <![CDATA[java.lang.AssertionError: Admin tab should be visible after successful login expected [true] but found [false]
at org.testng.Assert.fail(Assert.java:111)
at org.testng.Assert.failNotEquals(Assert.java:1590)
at org.testng.Assert.assertTrue(Assert.java:57)
at com.ohrm.testCasesPage.LoginPageTest.verify_validLogin(LoginPageTest.java:31)
at java.base/jdk.internal.reflect.NativeMethodAccessorImpl.invoke0(Native Method)
at java.base/jdk.internal.reflect.NativeMethodAccessorImpl.invoke(NativeMethodAccessorImpl.java:77)
at java.base/jdk.internal.reflect.DelegatingMethodAccessorImpl.invoke(DelegatingMethodAccessorImpl.java:43)
at java.base/java.lang.reflect.Method.invoke(Method.java:568)
at org.testng.internal.invokers.MethodInvocationHelper.invokeMethod(MethodInvocationHelper.java:141)
at org.testng.internal.invokers.TestInvoker.invokeMethod(TestInvoker.java:687)
at org.testng.internal.invokers.TestInvoker.invokeTestMethod(TestInvoker.java:230)
at org.testng.internal.invokers.MethodRunner.runInSequence(MethodRunner.java:63)
at org.testng.internal.invokers.TestInvoker$MethodInvocationAgent.invoke(TestInvoker.java:995)
at org.testng.internal.invokers.TestInvoker.invokeTestMethods(TestInvoker.java:203)
at org.testng.internal.invokers.TestMethodWorker.invokeTestMethods(TestMethodWorker.java:154)
at org.testng.internal.invokers.TestMethodWorker.run(TestMethodWorker.java:134)
at java.base/java.util.concurrent.Executors$RunnableAdapter.call(Executors.java:539)
at java.base/java.util.concurrent.FutureTask.run(FutureTask.java:264)
at org.testng.internal.thread.graph.TestNGFutureTask.run(TestNGFutureTask.java:22)
at java.base/java.util.concurrent.ThreadPoolExecutor.runWorker(ThreadPoolExecutor.java:1136)
at java.base/java.util.concurrent.ThreadPoolExecutor$Worker.run(ThreadPoolExecutor.java:635)
at java.base/java.lang.Thread.run(Thread.java:833)
]]>
            </full-stacktrace>
          </exception> <!-- java.lang.AssertionError -->
          <reporter-output>
          </reporter-output>
        </test-method> <!-- verify_validLogin -->
        <test-method is-config="true" signature="setupPages()[pri:0, instance:com.ohrm.testCasesPage.LoginPageTest@5a7005d]" started-at="2025-05-28T18:39:36 IST" name="setupPages" finished-at="2025-05-28T18:39:36 IST" duration-ms="7" status="PASS">
          <reporter-output>
          </reporter-output>
        </test-method> <!-- setupPages -->
        <test-method signature="verify_InvalidLogin()[pri:0, instance:com.ohrm.testCasesPage.LoginPageTest@5a7005d]" started-at="2025-05-28T18:39:36 IST" name="verify_InvalidLogin" finished-at="2025-05-28T18:40:03 IST" duration-ms="26734" status="PASS">
          <reporter-output>
          </reporter-output>
        </test-method> <!-- verify_InvalidLogin -->
        <test-method is-config="true" signature="teardown()[pri:0, instance:com.ohrm.testCasesPage.LoginPageTest@5a7005d]" started-at="2025-05-28T18:39:59 IST" name="teardown" finished-at="2025-05-28T18:40:09 IST" duration-ms="9454" status="PASS">
          <reporter-output>
          </reporter-output>
        </test-method> <!-- teardown -->
        <test-method is-config="true" signature="teardown()[pri:0, instance:com.ohrm.testCasesPage.LoginPageTest@5a7005d]" started-at="2025-05-28T18:40:03 IST" name="teardown" finished-at="2025-05-28T18:40:14 IST" duration-ms="10775" status="PASS">
          <reporter-output>
          </reporter-output>
        </test-method> <!-- teardown -->
      </class> <!-- com.ohrm.testCasesPage.LoginPageTest -->
      <class name="com.ohrm.testCasesPage.HomePageTest">
        <test-method is-config="true" signature="setup()[pri:0, instance:com.ohrm.testCasesPage.HomePageTest@21baa903]" started-at="2025-05-28T18:37:35 IST" name="setup" finished-at="2025-05-28T18:38:53 IST" duration-ms="77808" status="PASS">
          <reporter-output>
          </reporter-output>
        </test-method> <!-- setup -->
        <test-method is-config="true" signature="setupPages()[pri:0, instance:com.ohrm.testCasesPage.HomePageTest@21baa903]" started-at="2025-05-28T18:38:53 IST" name="setupPages" finished-at="2025-05-28T18:38:53 IST" duration-ms="371" status="PASS">
          <reporter-output>
          </reporter-output>
        </test-method> <!-- setupPages -->
        <test-method signature="verify_OrangeHRMLogo()[pri:0, instance:com.ohrm.testCasesPage.HomePageTest@21baa903]" started-at="2025-05-28T18:38:53 IST" name="verify_OrangeHRMLogo" finished-at="2025-05-28T18:39:52 IST" duration-ms="59243" status="PASS">
          <reporter-output>
          </reporter-output>
        </test-method> <!-- verify_OrangeHRMLogo -->
        <test-method is-config="true" signature="teardown()[pri:0, instance:com.ohrm.testCasesPage.HomePageTest@21baa903]" started-at="2025-05-28T18:39:52 IST" name="teardown" finished-at="2025-05-28T18:40:02 IST" duration-ms="9922" status="PASS">
          <reporter-output>
          </reporter-output>
        </test-method> <!-- teardown -->
      </class> <!-- com.ohrm.testCasesPage.HomePageTest -->
    </test> <!-- OHRM2 Test1 -->
  </suite> <!-- OHRM2 Suite -->
</testng-results>
