<?xml version="1.0" encoding="UTF-8"?>
<!-- Generated by org.testng.reporters.JUnitXMLReporter -->
<testsuite ignored="2" hostname="DESKTOP-UU02OJS" failures="1" tests="4" name="OHRM2 Test1" time="180.817" errors="0" timestamp="2025-05-28T18:40:36 IST">
  <testcase classname="com.ohrm.testCasesPage.HomePageTest" name="verify_OrangeHRMLogo" time="59.243"/>
  <testcase classname="com.ohrm.testCasesPage.LoginPageTest" name="verify_validLogin" time="66.227">
    <failure type="java.lang.AssertionError" message="Admin tab should be visible after successful login expected [true] but found [false]">
      <![CDATA[java.lang.AssertionError: Admin tab should be visible after successful login expected [true] but found [false]
at com.ohrm.testCasesPage.LoginPageTest.verify_validLogin(LoginPageTest.java:31)
at java.base/java.util.concurrent.Executors$RunnableAdapter.call(Executors.java:539)
at java.base/java.util.concurrent.FutureTask.run(FutureTask.java:264)
at java.base/java.util.concurrent.ThreadPoolExecutor.runWorker(ThreadPoolExecutor.java:1136)
at java.base/java.util.concurrent.ThreadPoolExecutor$Worker.run(ThreadPoolExecutor.java:635)
at java.base/java.lang.Thread.run(Thread.java:833)
... Removed 16 stack frames]]>
    </failure>
  </testcase> <!-- verify_validLogin -->
  <testcase classname="com.ohrm.testCasesPage.LoginPageTest" name="verify_InvalidLogin" time="26.734"/>
  <testcase classname="com.ohrm.base.DummyClassTest" name="Dummytest" time="1.082"/>
  <testcase classname="com.ohrm.base.BaseClass" name="@BeforeSuite loadConfig" time="0.0">
    <ignored/>
  </testcase> <!-- @BeforeSuite loadConfig -->
  <testcase classname="com.ohrm.base.BaseClass" name="@BeforeSuite loadConfig" time="0.0">
    <ignored/>
  </testcase> <!-- @BeforeSuite loadConfig -->
</testsuite> <!-- OHRM2 Test1 -->
