<?xml version="1.0" encoding="UTF-8"?>
<!-- Generated by org.testng.reporters.JUnitXMLReporter -->
<testsuite ignored="1" hostname="DESKTOP-UU02OJS" failures="0" tests="2" name="OHRM2 Test" time="31.018" errors="0" timestamp="2025-05-16T13:25:46 IST">
  <testcase classname="com.ohrm.base.DummyClassTest" name="Dummytest" time="0.041"/>
  <testcase classname="com.ohrm.base.DummyClassTest2" name="Dummytest" time="0.17"/>
  <testcase classname="com.ohrm.base.BaseClass" name="@BeforeSuite loadConfig" time="0.0">
    <ignored/>
  </testcase> <!-- @BeforeSuite loadConfig -->
</testsuite> <!-- OHRM2 Test -->
